<?xml version="1.0" encoding="UTF-8"?>
<!-- Generated by org.testng.reporters.JUnitReportReporter -->
<testsuite hostname="Agims-Air" failures="0" tests="2" name="com.neotech.lesson01.TestNGDemo" time="0.013" errors="0" timestamp="2023-10-07T15:35:25 EDT" skipped="0">
  <testcase classname="com.neotech.lesson01.TestNGDemo" name="testTwo" time="0.001"/>
  <system-out/>
  <testcase classname="com.neotech.lesson01.TestNGDemo" name="testOne" time="0.012"/>
  <system-out/>
</testsuite> <!-- com.neotech.lesson01.TestNGDemo -->
