<?xml version="1.0" encoding="UTF-8"?>
<!-- Generated by org.testng.reporters.JUnitReportReporter -->
<testsuite hostname="Agims-Air" failures="0" tests="3" name="com.neotech.lesson01.TestNGAnnotations" time="0.020" errors="0" timestamp="2023-10-07T15:34:15 EDT" skipped="0">
  <testcase classname="com.neotech.lesson01.TestNGAnnotations" name="test1" time="0.012"/>
  <system-out/>
  <testcase classname="com.neotech.lesson01.TestNGAnnotations" name="test2" time="0.007"/>
  <system-out/>
  <testcase classname="com.neotech.lesson01.TestNGAnnotations" name="test3" time="0.001"/>
  <system-out/>
</testsuite> <!-- com.neotech.lesson01.TestNGAnnotations -->
